<?xml version="1.0" encoding="UTF-8"?>
<testsuite name="cipher.VigenereCipherTest" tests="5" skipped="0" failures="0" errors="0" timestamp="2025-10-08T17:40:08.261Z" hostname="DESKTOP-LDCOEJP" time="0.016">
  <properties/>
  <testcase name="Ключ с пробелами и в разном регистре должен быть нормализован" classname="cipher.VigenereCipherTest" time="0.002"/>
  <testcase name="Простая расшифровка текста и ключа" classname="cipher.VigenereCipherTest" time="0.002"/>
  <testcase name="Простое шифрование текста и ключа" classname="cipher.VigenereCipherTest" time="0.001"/>
  <testcase name="Шифрование текста с пробелами, цифрами и знаками препинания" classname="cipher.VigenereCipherTest" time="0.002"/>
  <testcase name="Пустой ключ должен вызывать исключение" classname="cipher.VigenereCipherTest" time="0.004"/>
  <system-out><![CDATA[]]></system-out>
  <system-err><![CDATA[]]></system-err>
</testsuite>
